p/1731092423171.png 1 0 0 400 400
p/1731092423170.png 1 0 0 400 400
p/1731092423168.png 1 0 0 400 400
p/1731092423167.png 1 0 0 400 400
p/1731092423166.png 1 0 0 400 400
p/1731092423165.png 1 0 0 400 400
p/1731092423164.png 1 0 0 400 400
p/1731092423163.png 1 0 0 400 400
p/1731092423162.png 1 0 0 400 400
p/1731092423161.png 1 0 0 400 400
p/1731092423159.png 1 0 0 400 400
p/1731092423158.png 1 0 0 400 400
p/1731092423157.png 1 0 0 400 400
p/1731092423156.png 1 0 0 400 400
p/1731092423155.png 1 0 0 400 400
p/1731092423153.png 1 0 0 400 400
p/1731092423152.png 1 0 0 400 400
p/1731092423151.png 1 0 0 400 400
p/1731092423150.png 1 0 0 400 400
p/1731092423149.png 1 0 0 400 400
p/1731092423148.png 1 0 0 400 400
p/1731092423147.png 1 0 0 400 400
p/1731092423146.png 1 0 0 400 400
p/1731092423145.png 1 0 0 400 400
p/1731092423144.png 1 0 0 400 400
p/1731092423143.png 1 0 0 400 400
p/1731092423142.png 1 0 0 400 400
p/1731092423140.png 1 0 0 400 400
p/1731092423139.png 1 0 0 400 400
p/1731092423138.png 1 0 0 400 400
p/1731092423137.png 1 0 0 400 400
p/1731092423136.png 1 0 0 400 400
p/1731092423135.png 1 0 0 400 400
p/1731092423134.png 1 0 0 400 400
p/1731092423133.png 1 0 0 400 400
p/1731092423132.png 1 0 0 400 400
p/1731092423131.png 1 0 0 400 400
p/1731092423130.png 1 0 0 400 400
p/1731092423129.png 1 0 0 400 400
p/1731092423127.png 1 0 0 400 400
p/1731092423126.png 1 0 0 400 400
p/1731092423125.png 1 0 0 400 400
p/1731092423124.png 1 0 0 400 400
p/1731092423123.png 1 0 0 400 400
p/1731092423122.png 1 0 0 400 400
p/1731092423121.png 1 0 0 400 400
p/1731092423120.png 1 0 0 400 400
p/1731092423119.png 1 0 0 400 400
p/1731092423115.png 1 0 0 400 400
p/1731092423114.png 1 0 0 400 400
p/1731092423112.png 1 0 0 400 400
p/1731092423111.png 1 0 0 400 400
p/1731092423110.png 1 0 0 400 400
p/1731092423109.png 1 0 0 400 400
p/1731092423108.png 1 0 0 400 400
p/1731092423107.png 1 0 0 400 400
p/1731092423106.png 1 0 0 400 400
p/1731092423105.png 1 0 0 400 400
p/1731092423104.png 1 0 0 400 400
p/1731092423103.png 1 0 0 400 400
p/1731092423102.png 1 0 0 400 400
p/1731092423101.png 1 0 0 400 400
p/1731092423100.png 1 0 0 400 400
p/1731092423099.png 1 0 0 400 400
p/1731092423098.png 1 0 0 400 400
p/1731092423097.png 1 0 0 400 400
p/1731092423095.png 1 0 0 400 400
p/1731092423094.png 1 0 0 400 400
p/1731092423093.png 1 0 0 400 400
p/1731092423092.png 1 0 0 400 400
p/1731092423091.png 1 0 0 400 400
p/1731092423090.png 1 0 0 400 400
p/1731092423089.png 1 0 0 400 400
p/1731092423088.png 1 0 0 400 400
p/1731092423087.png 1 0 0 400 400
p/1731092423086.png 1 0 0 400 400
p/1731092423085.png 1 0 0 400 400
p/1731092423084.png 1 0 0 400 400
p/1731092423083.png 1 0 0 400 400
p/1731092423082.png 1 0 0 400 400
p/1731092423081.png 1 0 0 400 400
p/1731092423080.png 1 0 0 400 400
p/1731092423079.png 1 0 0 400 400
p/1731092423078.png 1 0 0 400 400
p/1731092423077.png 1 0 0 400 400
p/1731092423076.png 1 0 0 400 400
p/1731092423075.png 1 0 0 400 400
p/1731092423074.png 1 0 0 400 400
p/1731092423073.png 1 0 0 400 400
p/1731092423071.png 1 0 0 400 400
p/1731092423070.png 1 0 0 400 400
p/1731092423069.png 1 0 0 400 400
p/1731092423068.png 1 0 0 400 400
p/1731092423067.png 1 0 0 400 400
p/1731092423066.png 1 0 0 400 400
p/1731092423065.png 1 0 0 400 400
p/1731092423064.png 1 0 0 400 400
p/1731092423063.png 1 0 0 400 400
p/1731092423062.png 1 0 0 400 400
p/1731092423061.png 1 0 0 400 400
p/1731092423060.png 1 0 0 400 400
p/1731092423059.png 1 0 0 400 400
p/1731092423058.png 1 0 0 400 400
p/1731092423057.png 1 0 0 400 400
p/1731092423056.png 1 0 0 400 400
p/1731092423055.png 1 0 0 400 400
p/1731092423054.png 1 0 0 400 400
p/1731092423053.png 1 0 0 400 400
p/1731092423052.png 1 0 0 400 400
p/1731092423051.png 1 0 0 400 400
p/1731092423049.png 1 0 0 400 400
p/1731092423048.png 1 0 0 400 400
p/1731092423047.png 1 0 0 400 400
p/1731092423046.png 1 0 0 400 400
p/1731092423045.png 1 0 0 400 400
p/1731007644847.png 1 0 0 400 400
p/1731007644846.png 1 0 0 400 400
p/1731007644845.png 1 0 0 400 400
p/1731007644844.png 1 0 0 400 400
p/1731007644843.png 1 0 0 400 400
p/1731007644842.png 1 0 0 400 400
p/1731007644841.png 1 0 0 400 400
p/1731007644840.png 1 0 0 400 400
p/1731007644839.png 1 0 0 400 400
p/1731007644837.png 1 0 0 400 400
p/1731007644836.png 1 0 0 400 400
p/1731007644835.png 1 0 0 400 400
p/1731007644834.png 1 0 0 400 400
p/1731007644832.png 1 0 0 400 400
p/1731007644831.png 1 0 0 400 400
p/1731007644830.png 1 0 0 400 400
p/1731007644829.png 1 0 0 400 400
p/1731007644827.png 1 0 0 400 400
p/1731007644826.png 1 0 0 400 400